<?xml version="1.0" encoding="UTF-8"?>
<testng-results ignored="0" total="3" passed="3" failed="0" skipped="0">
  <reporter-output>
  </reporter-output>
  <suite started-at="2023-09-01T18:38:43 IST" name="Default suite" finished-at="2023-09-01T18:38:44 IST" duration-ms="168">
    <groups>
    </groups>
    <test started-at="2023-09-01T18:38:43 IST" name="Default test" finished-at="2023-09-01T18:38:44 IST" duration-ms="168">
      <class name="introduction.streamstest1">
        <test-method signature="streamCollect()[pri:0, instance:introduction.streamstest1@272113c4]" started-at="2023-09-01T18:38:43 IST" name="streamCollect" finished-at="2023-09-01T18:38:43 IST" duration-ms="19" status="PASS">
          <reporter-output>
          </reporter-output>
        </test-method> <!-- streamCollect -->
        <test-method signature="streamFilter()[pri:0, instance:introduction.streamstest1@272113c4]" started-at="2023-09-01T18:38:43 IST" name="streamFilter" finished-at="2023-09-01T18:38:43 IST" duration-ms="23" status="PASS">
          <reporter-output>
          </reporter-output>
        </test-method> <!-- streamFilter -->
        <test-method signature="streamMap()[pri:0, instance:introduction.streamstest1@272113c4]" started-at="2023-09-01T18:38:43 IST" name="streamMap" finished-at="2023-09-01T18:38:44 IST" duration-ms="19" status="PASS">
          <reporter-output>
          </reporter-output>
        </test-method> <!-- streamMap -->
      </class> <!-- introduction.streamstest1 -->
    </test> <!-- Default test -->
  </suite> <!-- Default suite -->
</testng-results>
